  [1m[36m (7.3ms)[0m  [1mCREATE TABLE "schema_migrations" ("version" character varying(255) NOT NULL) [0m
  [1m[35m (3.7ms)[0m  CREATE UNIQUE INDEX  "unique_schema_migrations" ON "schema_migrations"  ("version")
  [1m[36mActiveRecord::SchemaMigration Load (0.4ms)[0m  [1mSELECT "schema_migrations".* FROM "schema_migrations"[0m
Migrating to CreateEvents (20140915010522)
  [1m[35m (0.5ms)[0m  BEGIN
  [1m[36m (8.0ms)[0m  [1mCREATE TABLE "events" ("id" serial primary key, "name" character varying(255), "description" text, "start_time" timestamp, "end_time" timestamp, "type" character varying(255), "link" character varying(255), "location" character varying(255), "created_at" timestamp, "updated_at" timestamp) [0m
  [1m[35mSQL (0.4ms)[0m  INSERT INTO "schema_migrations" ("version") VALUES ($1)  [["version", "20140915010522"]]
  [1m[36m (0.4ms)[0m  [1mCOMMIT[0m
  [1m[35mActiveRecord::SchemaMigration Load (0.6ms)[0m  SELECT "schema_migrations".* FROM "schema_migrations"
  [1m[36mEvent Load (0.6ms)[0m  [1mSELECT "events".* FROM "events"[0m


Started GET "/" for 127.0.0.1 at 2014-09-14 21:21:49 -0400
  [1m[36mActiveRecord::SchemaMigration Load (1.5ms)[0m  [1mSELECT "schema_migrations".* FROM "schema_migrations"[0m
Processing by PublicController#home as HTML
Completed 200 OK in 29ms (Views: 0.5ms | ActiveRecord: 0.0ms)


Started GET "/api/events" for 127.0.0.1 at 2014-09-14 21:21:53 -0400

ActionController::RoutingError (uninitialized constant Api::EventsController):
  activesupport (4.1.4) lib/active_support/inflector/methods.rb:240:in `const_get'
  activesupport (4.1.4) lib/active_support/inflector/methods.rb:240:in `block in constantize'
  activesupport (4.1.4) lib/active_support/inflector/methods.rb:236:in `each'
  activesupport (4.1.4) lib/active_support/inflector/methods.rb:236:in `inject'
  activesupport (4.1.4) lib/active_support/inflector/methods.rb:236:in `constantize'
  actionpack (4.1.4) lib/action_dispatch/routing/route_set.rb:78:in `controller_reference'
  actionpack (4.1.4) lib/action_dispatch/routing/route_set.rb:68:in `controller'
  actionpack (4.1.4) lib/action_dispatch/routing/route_set.rb:46:in `call'
  actionpack (4.1.4) lib/action_dispatch/journey/router.rb:71:in `block in call'
  actionpack (4.1.4) lib/action_dispatch/journey/router.rb:59:in `each'
  actionpack (4.1.4) lib/action_dispatch/journey/router.rb:59:in `call'
  actionpack (4.1.4) lib/action_dispatch/routing/route_set.rb:678:in `call'
  rack (1.5.2) lib/rack/etag.rb:23:in `call'
  rack (1.5.2) lib/rack/conditionalget.rb:25:in `call'
  rack (1.5.2) lib/rack/head.rb:11:in `call'
  actionpack (4.1.4) lib/action_dispatch/middleware/params_parser.rb:27:in `call'
  actionpack (4.1.4) lib/action_dispatch/middleware/flash.rb:254:in `call'
  rack (1.5.2) lib/rack/session/abstract/id.rb:225:in `context'
  rack (1.5.2) lib/rack/session/abstract/id.rb:220:in `call'
  actionpack (4.1.4) lib/action_dispatch/middleware/cookies.rb:560:in `call'
  activerecord (4.1.4) lib/active_record/query_cache.rb:36:in `call'
  activerecord (4.1.4) lib/active_record/connection_adapters/abstract/connection_pool.rb:621:in `call'
  activerecord (4.1.4) lib/active_record/migration.rb:380:in `call'
  actionpack (4.1.4) lib/action_dispatch/middleware/callbacks.rb:29:in `block in call'
  activesupport (4.1.4) lib/active_support/callbacks.rb:82:in `run_callbacks'
  actionpack (4.1.4) lib/action_dispatch/middleware/callbacks.rb:27:in `call'
  actionpack (4.1.4) lib/action_dispatch/middleware/reloader.rb:73:in `call'
  actionpack (4.1.4) lib/action_dispatch/middleware/remote_ip.rb:76:in `call'
  actionpack (4.1.4) lib/action_dispatch/middleware/debug_exceptions.rb:17:in `call'
  actionpack (4.1.4) lib/action_dispatch/middleware/show_exceptions.rb:30:in `call'
  railties (4.1.4) lib/rails/rack/logger.rb:38:in `call_app'
  railties (4.1.4) lib/rails/rack/logger.rb:20:in `block in call'
  activesupport (4.1.4) lib/active_support/tagged_logging.rb:68:in `block in tagged'
  activesupport (4.1.4) lib/active_support/tagged_logging.rb:26:in `tagged'
  activesupport (4.1.4) lib/active_support/tagged_logging.rb:68:in `tagged'
  railties (4.1.4) lib/rails/rack/logger.rb:20:in `call'
  actionpack (4.1.4) lib/action_dispatch/middleware/request_id.rb:21:in `call'
  rack (1.5.2) lib/rack/methodoverride.rb:21:in `call'
  rack (1.5.2) lib/rack/runtime.rb:17:in `call'
  activesupport (4.1.4) lib/active_support/cache/strategy/local_cache_middleware.rb:26:in `call'
  rack (1.5.2) lib/rack/lock.rb:17:in `call'
  actionpack (4.1.4) lib/action_dispatch/middleware/static.rb:64:in `call'
  rack (1.5.2) lib/rack/sendfile.rb:112:in `call'
  railties (4.1.4) lib/rails/engine.rb:514:in `call'
  railties (4.1.4) lib/rails/application.rb:144:in `call'
  rack (1.5.2) lib/rack/lock.rb:17:in `call'
  rack (1.5.2) lib/rack/content_length.rb:14:in `call'
  rack (1.5.2) lib/rack/handler/webrick.rb:60:in `service'
  /Users/David/.rvm/rubies/ruby-2.0.0-p247/lib/ruby/2.0.0/webrick/httpserver.rb:138:in `service'
  /Users/David/.rvm/rubies/ruby-2.0.0-p247/lib/ruby/2.0.0/webrick/httpserver.rb:94:in `run'
  /Users/David/.rvm/rubies/ruby-2.0.0-p247/lib/ruby/2.0.0/webrick/server.rb:295:in `block in start_thread'


  Rendered /Users/David/.rvm/gems/ruby-2.0.0-p247@global/gems/actionpack-4.1.4/lib/action_dispatch/middleware/templates/rescues/_trace.html.erb (2.0ms)
  Rendered /Users/David/.rvm/gems/ruby-2.0.0-p247@global/gems/actionpack-4.1.4/lib/action_dispatch/middleware/templates/routes/_route.html.erb (1.4ms)
  Rendered /Users/David/.rvm/gems/ruby-2.0.0-p247@global/gems/actionpack-4.1.4/lib/action_dispatch/middleware/templates/routes/_table.html.erb (7.6ms)
  Rendered /Users/David/.rvm/gems/ruby-2.0.0-p247@global/gems/actionpack-4.1.4/lib/action_dispatch/middleware/templates/rescues/routing_error.html.erb within rescues/layout (37.6ms)


Started GET "/api/events" for 127.0.0.1 at 2014-09-14 21:22:23 -0400
Processing by Api::EventsController#index as HTML
Completed 200 OK in 6ms (Views: 0.9ms | ActiveRecord: 0.0ms)
